---
Tray
---
Device: cuda
creating optimizer with lr = 0.1
Our Game is mm
Using datafile data/mm.csv
2052
Reloading pre-trained model models/tray-mm.model
Reloaded epoch = 700
Restored last learning_rate = 0.1
model to eval mode
New Epochs: 801
old_epochs = 700, epochs = 801
Column: 0
Ball groups in descending order: [ 0  1  6  3  2  8  9 12 11 13 10  5  7  4]
#1 group :  0, 1->5, probability 0.10019 , total 0.10019
#2 group :  1, 6->10, probability 0.08764 , total 0.18782
#3 group :  6, 31-35, probability 0.07990 , total 0.26773
#4 group :  3, 16->20, probability 0.07459 , total 0.34231
#5 group :  2, 11->15, probability 0.06853 , total 0.41084
#6 group :  8, 41->45, probability 0.06712 , total 0.47796
#7 group :  9, 46->50, probability 0.06646 , total 0.54443
#8 group : 12, 61->65, probability 0.06595 , total 0.61038
#9 group : 11, 56->60, probability 0.06591 , total 0.67628
#10 group : 13, 66->71, probability 0.06587 , total 0.74215
#11 group : 10, 51->55, probability 0.06557 , total 0.80772
#12 group :  5, 26->30, probability 0.06527 , total 0.87299
#13 group :  7, 36->40, probability 0.06483 , total 0.93782
#14 group :  4, 21-25, probability 0.06218 , total 1.00000
Column: 1
Ball groups in descending order: [ 2  8  4  3  6  7  0 12  1 13 11 10  9  5]
#1 group :  2, 11->15, probability 0.10088 , total 0.10088
#2 group :  8, 41->45, probability 0.08394 , total 0.18482
#3 group :  4, 21-25, probability 0.07610 , total 0.26092
#4 group :  3, 16->20, probability 0.07550 , total 0.33642
#5 group :  6, 31-35, probability 0.07440 , total 0.41082
#6 group :  7, 36->40, probability 0.07120 , total 0.48202
#7 group :  0, 1->5, probability 0.06964 , total 0.55166
#8 group : 12, 61->65, probability 0.06705 , total 0.61870
#9 group :  1, 6->10, probability 0.06646 , total 0.68516
#10 group : 13, 66->71, probability 0.06588 , total 0.75105
#11 group : 11, 56->60, probability 0.06556 , total 0.81660
#12 group : 10, 51->55, probability 0.06507 , total 0.88167
#13 group :  9, 46->50, probability 0.06133 , total 0.94301
#14 group :  5, 26->30, probability 0.05699 , total 1.00000
Column: 2
Ball groups in descending order: [ 9  3  4  5  7  2 10  1  0 13  8  6 11 12]
#1 group :  9, 46->50, probability 0.09670 , total 0.09670
#2 group :  3, 16->20, probability 0.08547 , total 0.18217
#3 group :  4, 21-25, probability 0.08155 , total 0.26372
#4 group :  5, 26->30, probability 0.07945 , total 0.34317
#5 group :  7, 36->40, probability 0.07444 , total 0.41761
#6 group :  2, 11->15, probability 0.06857 , total 0.48618
#7 group : 10, 51->55, probability 0.06741 , total 0.55358
#8 group :  1, 6->10, probability 0.06711 , total 0.62069
#9 group :  0, 1->5, probability 0.06591 , total 0.68660
#10 group : 13, 66->71, probability 0.06518 , total 0.75177
#11 group :  8, 41->45, probability 0.06305 , total 0.81482
#12 group :  6, 31-35, probability 0.06230 , total 0.87712
#13 group : 11, 56->60, probability 0.06227 , total 0.93939
#14 group : 12, 61->65, probability 0.06061 , total 1.00000
Column: 3
Ball groups in descending order: [10  7  5  9  8  2 12  1  0  3 11 13  4  6]
#1 group : 10, 51->55, probability 0.09408 , total 0.09408
#2 group :  7, 36->40, probability 0.09282 , total 0.18690
#3 group :  5, 26->30, probability 0.08000 , total 0.26690
#4 group :  9, 46->50, probability 0.07929 , total 0.34619
#5 group :  8, 41->45, probability 0.07797 , total 0.42416
#6 group :  2, 11->15, probability 0.07160 , total 0.49577
#7 group : 12, 61->65, probability 0.06932 , total 0.56508
#8 group :  1, 6->10, probability 0.06725 , total 0.63233
#9 group :  0, 1->5, probability 0.06595 , total 0.69828
#10 group :  3, 16->20, probability 0.06518 , total 0.76347
#11 group : 11, 56->60, probability 0.06416 , total 0.82763
#12 group : 13, 66->71, probability 0.06332 , total 0.89095
#13 group :  4, 21-25, probability 0.05837 , total 0.94932
#14 group :  6, 31-35, probability 0.05068 , total 1.00000
Column: 4
Ball groups in descending order: [10 12  8 13  4  3  7  6  0  1  2  5  9 11]
#1 group : 10, 51->55, probability 0.09666 , total 0.09666
#2 group : 12, 61->65, probability 0.08797 , total 0.18462
#3 group :  8, 41->45, probability 0.08317 , total 0.26780
#4 group : 13, 66->71, probability 0.07700 , total 0.34480
#5 group :  4, 21-25, probability 0.07224 , total 0.41704
#6 group :  3, 16->20, probability 0.07022 , total 0.48726
#7 group :  7, 36->40, probability 0.06746 , total 0.55471
#8 group :  6, 31-35, probability 0.06706 , total 0.62177
#9 group :  0, 1->5, probability 0.06614 , total 0.68791
#10 group :  1, 6->10, probability 0.06598 , total 0.75389
#11 group :  2, 11->15, probability 0.06574 , total 0.81963
#12 group :  5, 26->30, probability 0.06317 , total 0.88280
#13 group :  9, 46->50, probability 0.06215 , total 0.94495
#14 group : 11, 56->60, probability 0.05505 , total 1.00000
Writing probs_mm.py
---
Column 1
---
Device: cuda
creating optimizer with lr = 0.1
Using column 1
Our Game is mm
Reloading pre-trained model models/third-col1-70mm.model
Reloaded epoch = 100
Restored last learning_rate = 0.001
model to eval mode
Running in test mode
Reading sums_mm.pkl
Using datafile data/mm.csv
Cnt: 2052
New Epochs: 201
old_epochs = 100, epochs = 201
Imported probs_mm
Balls in descending order: [ 2  3  1  4  7  5  8  6  9 10 11 14 16 12 13 15 17 20 18 25 19 24 28 29
 27 26 22 21 31 32 33 44 49 59 64 70 69 41 23 38 68 58 65 63 62 46 61 51
 34 36 45 52 43 67 30 40 39 56 53 55 42 50 48 66 60 37 35 47 57 54  0]
#1 pick :  2, probability 0.07933 , total 0.07933, tray = 0.10018645, tp = 0.17156557259164154
#2 pick :  3, probability 0.07478 , total 0.15411, tray = 0.10018645, tp = 0.1674769831065286
#3 pick :  1, probability 0.06949 , total 0.22360, tray = 0.10018645, tp = 0.16271719590016268
#4 pick :  4, probability 0.06404 , total 0.28765, tray = 0.10018645, tp = 0.15781330334686933
#5 pick :  7, probability 0.05576 , total 0.34341, tray = 0.0876371, tp = 0.13851427208483666
#6 pick :  5, probability 0.05000 , total 0.39341, tray = 0.10018645, tp = 0.14517432584266196
#7 pick :  8, probability 0.04921 , total 0.44262, tray = 0.0876371, tp = 0.13253457758925036
#8 pick :  6, probability 0.04921 , total 0.49182, tray = 0.0876371, tp = 0.13253013873469233
#9 pick :  9, probability 0.04651 , total 0.53833, tray = 0.0876371, tp = 0.13007038112965003
#10 pick : 10, probability 0.04193 , total 0.58026, tray = 0.0876371, tp = 0.1258921852201048
Updating sums_mm.pkl
---
Column 2
---
Device: cuda
creating optimizer with lr = 0.1
Using column 2
Our Game is mm
Reloading pre-trained model models/third-col2-70mm.model
Reloaded epoch = 200
Restored last learning_rate = 0.1
model to eval mode
Running in test mode
Reading sums_mm.pkl
Using datafile data/mm.csv
Cnt: 2052
New Epochs: 301
old_epochs = 200, epochs = 301
Imported probs_mm
Balls in descending order: [17 15 12 14 13 20 16 22 10 18 11 24 19 29 25  9 21 23 27 31  8 30  5 26
 28  7 32 35  6  4 33 34 38 37 36 43  3 39 42 41 40 53 44 58 50 45  1 48
 54 60 62 59 65  2 64 61 49 56 55 63 67  0 47 57 69 66 70 46 68 52 51]
#1 pick : 17, probability 0.03851 , total 0.03851, tray = 0.07550084, tp = 0.11110484071802497
#2 pick : 15, probability 0.03644 , total 0.07495, tray = 0.07610231, tp = 0.1097710140985118
#3 pick : 12, probability 0.03507 , total 0.11002, tray = 0.07610231, tp = 0.10850035448572078
#4 pick : 14, probability 0.03495 , total 0.14497, tray = 0.07610231, tp = 0.1083926575255331
#5 pick : 13, probability 0.03488 , total 0.17985, tray = 0.07610231, tp = 0.10832435870229434
#6 pick : 20, probability 0.03308 , total 0.21292, tray = 0.07550084, tp = 0.1060807481383121
#7 pick : 16, probability 0.03190 , total 0.24483, tray = 0.07550084, tp = 0.10499562453847795
#8 pick : 22, probability 0.03077 , total 0.27559, tray = 0.07439736, tp = 0.10287448620256885
#9 pick : 10, probability 0.03071 , total 0.30630, tray = 0.083935104, tp = 0.11206344593490386
#10 pick : 18, probability 0.03013 , total 0.33643, tray = 0.07550084, tp = 0.10335291801168776
Updating sums_mm.pkl
---
Column 3
---
Device: cuda
creating optimizer with lr = 0.1
Using column 3
Our Game is mm
Reloading pre-trained model models/third-col3-70mm.model
Reloaded epoch = 200
Restored last learning_rate = 0.1
model to eval mode
Running in test mode
Reading sums_mm.pkl
Using datafile data/mm.csv
Cnt: 2052
New Epochs: 301
old_epochs = 200, epochs = 301
Imported probs_mm
Balls in descending order: [31 26 24 27 39 28 35 37 25 30 29 34 20 33 21 36 17 22 32 41 23 38 40 19
 42 44 46 45 18 53 13 43 14 15 12 48 50 16 47 51 56 11 55 58 10 54 49 57
  8 52 62  9  2 61  5  6 69  4 65 64  3 60 63 68  1 66  7 70  0 59 67]
#1 pick : 31, probability 0.03388 , total 0.03388, tray = 0.06740585, tp = 0.0990000370546721
#2 pick : 26, probability 0.03068 , total 0.06456, tray = 0.068567514, tp = 0.09714461115292726
#3 pick : 24, probability 0.02983 , total 0.09439, tray = 0.074443676, tp = 0.10204997089325203
#4 pick : 27, probability 0.02931 , total 0.12369, tray = 0.068567514, tp = 0.09586376397439414
#5 pick : 39, probability 0.02700 , total 0.15069, tray = 0.06710594, tp = 0.09229267451402479
#6 pick : 28, probability 0.02649 , total 0.17718, tray = 0.068567514, tp = 0.09324415597902079
#7 pick : 35, probability 0.02579 , total 0.20298, tray = 0.06740585, tp = 0.09146043081597882
#8 pick : 37, probability 0.02572 , total 0.22870, tray = 0.06710594, tp = 0.0911020676036267
#9 pick : 25, probability 0.02569 , total 0.25439, tray = 0.074443676, tp = 0.09821892380890736
#10 pick : 30, probability 0.02558 , total 0.27997, tray = 0.068567514, tp = 0.09239662273326202
Updating sums_mm.pkl
---
Column 4
---
Device: cuda
creating optimizer with lr = 0.1
Using column 4
Our Game is mm
Reloading pre-trained model models/third-col4-70mm.model
Reloaded epoch = 200
Restored last learning_rate = 0.1
model to eval mode
Running in test mode
Reading sums_mm.pkl
Using datafile data/mm.csv
Cnt: 2052
New Epochs: 301
old_epochs = 200, epochs = 301
Imported probs_mm
Balls in descending order: [46 48 42 38 45 47 36 49 51 40 39 41 43 35 52 37 32 53 44 28 34 50 29 31
 33 58 56 25 62 61 27 30 60 26 55 24 63 54 18 57 64 65 21 22 66 19 20 59
 23 70 68 12 16  7 14 13 67 17 69  5  8 15  9  3 11 10  0  4  2  6  1]
#1 pick : 46, probability 0.04030 , total 0.04030, tray = 0.06518417, tp = 0.10285384949674498
#2 pick : 48, probability 0.03551 , total 0.07581, tray = 0.06518417, tp = 0.0983802043268377
#3 pick : 42, probability 0.03357 , total 0.10938, tray = 0.06594939, tp = 0.09730872499489553
#4 pick : 38, probability 0.03236 , total 0.14174, tray = 0.067250796, tp = 0.09743528522903508
#5 pick : 45, probability 0.03076 , total 0.17250, tray = 0.06594939, tp = 0.09467875249136515
#6 pick : 47, probability 0.02776 , total 0.20026, tray = 0.06518417, tp = 0.09113166336571081
#7 pick : 36, probability 0.02736 , total 0.22762, tray = 0.067250796, tp = 0.09277401247481866
#8 pick : 49, probability 0.02700 , total 0.25462, tray = 0.06518417, tp = 0.09042874093421914
#9 pick : 51, probability 0.02695 , total 0.28157, tray = 0.06416432, tp = 0.08938088178089619
#10 pick : 40, probability 0.02638 , total 0.30795, tray = 0.067250796, tp = 0.09185651905856078
Updating sums_mm.pkl
---
Column 5
---
Device: cuda
creating optimizer with lr = 0.1
Using column 5
Our Game is mm
Reloading pre-trained model models/third-col5-70mm.model
Reloaded epoch = 200
Restored last learning_rate = 0.1
model to eval mode
Running in test mode
Reading sums_mm.pkl
Using datafile data/mm.csv
Cnt: 2052
New Epochs: 301
old_epochs = 200, epochs = 301
Imported probs_mm
Balls in descending order: [70 56 52 55 53 51 50 54 48 49 66 46 64 69 68 44 43 62 67 59 57 63 38 39
 42 47 41 45 60 40 61 58 65 36 34 32 29 28 35 22 33 12 30 15 18 23  9 27
 37 31 25 16 20 17 10 24  8  0  7 14  4  6  5  3 19  1 21 13 26  2 11]
#1 pick : 70, probability 0.08800 , total 0.08800, tray = 0.055046882, tp = 0.1382053045760817
#2 pick : 56, probability 0.04728 , total 0.13529, tray = 0.06317173, tp = 0.10746874199413624
#3 pick : 52, probability 0.04381 , total 0.17910, tray = 0.06573798, tp = 0.10667104678483881
#4 pick : 55, probability 0.04189 , total 0.22099, tray = 0.06573798, tp = 0.10487146214708046
#5 pick : 53, probability 0.04183 , total 0.26282, tray = 0.06573798, tp = 0.10481763432337701
#6 pick : 51, probability 0.03868 , total 0.30149, tray = 0.06573798, tp = 0.10187231335562379
#7 pick : 50, probability 0.03822 , total 0.33972, tray = 0.0659788, tp = 0.10167937932858616
#8 pick : 54, probability 0.03505 , total 0.37477, tray = 0.06573798, tp = 0.09848342968130723
#9 pick : 48, probability 0.02933 , total 0.40410, tray = 0.0659788, tp = 0.09337751822189987
#10 pick : 49, probability 0.02606 , total 0.43016, tray = 0.0659788, tp = 0.09032188733148128
Updating sums_mm.pkl
---
PowerBall
---
Device: cuda
creating optimizer with lr = 0.001
Our Game is mm
Running in test mode
Reloading pre-trained model
Reloaded epoch = 400
Restored last learning_rate = 0.0001
Using datafile data/mm.csv
Number of elements in Y: 993
New Epochs: 501
test_mode = True, old_epochs = 400, epochs = 501
Balls in descending probability: [12  9 15  3 19 14  4  7  6 24 25  8  1 13 11  2 10 30 39 23 27 36 16 34
 18  5 21 22 33 37 26 29 32 28 38 35 17 31  0 20]
#1 pick : 12, probability 0.05077 , total 0.05077
#2 pick :  9, probability 0.04679 , total 0.09756
#3 pick : 15, probability 0.03980 , total 0.13736
#4 pick :  3, probability 0.03463 , total 0.17200
#5 pick : 19, probability 0.03184 , total 0.20384
#6 pick : 14, probability 0.03152 , total 0.23536
#7 pick :  4, probability 0.03150 , total 0.26685
#8 pick :  7, probability 0.03110 , total 0.29796
#9 pick :  6, probability 0.03068 , total 0.32864
#10 pick : 24, probability 0.03037 , total 0.35901
