---
Tray
---
Device: cuda
creating optimizer with lr = 0.1
Our Game is pb
Using datafile data/pb.csv
1510
Reloading pre-trained model models/tray-pb.model
Reloaded epoch = 800
Restored last learning_rate = 0.1
model to eval mode
New Epochs: 901
old_epochs = 800, epochs = 901
Column: 0
Ball groups in descending order: [ 1  3  0  6  2  7 13 11 12  9  5  8 10  4]
#1 group :  1, 6->10, probability 0.11053 , total 0.11053
#2 group :  3, 16->20, probability 0.08828 , total 0.19881
#3 group :  0, 1->5, probability 0.08083 , total 0.27964
#4 group :  6, 31-35, probability 0.07570 , total 0.35534
#5 group :  2, 11->15, probability 0.06899 , total 0.42433
#6 group :  7, 36->40, probability 0.06682 , total 0.49114
#7 group : 13, 66->71, probability 0.06596 , total 0.55710
#8 group : 11, 56->60, probability 0.06552 , total 0.62263
#9 group : 12, 61->65, probability 0.06533 , total 0.68796
#10 group :  9, 46->50, probability 0.06431 , total 0.75228
#11 group :  5, 26->30, probability 0.06420 , total 0.81648
#12 group :  8, 41->45, probability 0.06411 , total 0.88059
#13 group : 10, 51->55, probability 0.06287 , total 0.94346
#14 group :  4, 21-25, probability 0.05654 , total 1.00000
Column: 1
Ball groups in descending order: [ 2  5  1  3  8  7  9 13 12  0 11  4  6 10]
#1 group :  2, 11->15, probability 0.10026 , total 0.10026
#2 group :  5, 26->30, probability 0.08693 , total 0.18719
#3 group :  1, 6->10, probability 0.07780 , total 0.26498
#4 group :  3, 16->20, probability 0.07574 , total 0.34072
#5 group :  8, 41->45, probability 0.07275 , total 0.41347
#6 group :  7, 36->40, probability 0.06803 , total 0.48151
#7 group :  9, 46->50, probability 0.06765 , total 0.54916
#8 group : 13, 66->71, probability 0.06599 , total 0.61515
#9 group : 12, 61->65, probability 0.06579 , total 0.68094
#10 group :  0, 1->5, probability 0.06574 , total 0.74667
#11 group : 11, 56->60, probability 0.06484 , total 0.81152
#12 group :  4, 21-25, probability 0.06451 , total 0.87603
#13 group :  6, 31-35, probability 0.06306 , total 0.93909
#14 group : 10, 51->55, probability 0.06091 , total 1.00000
Column: 2
Ball groups in descending order: [ 6  4  7 12 10  8  3  5  1 13  0  2 11  9]
#1 group :  6, 31-35, probability 0.08639 , total 0.08639
#2 group :  4, 21-25, probability 0.08343 , total 0.16982
#3 group :  7, 36->40, probability 0.08133 , total 0.25115
#4 group : 12, 61->65, probability 0.07685 , total 0.32800
#5 group : 10, 51->55, probability 0.07466 , total 0.40266
#6 group :  8, 41->45, probability 0.07127 , total 0.47393
#7 group :  3, 16->20, probability 0.07067 , total 0.54460
#8 group :  5, 26->30, probability 0.06851 , total 0.61311
#9 group :  1, 6->10, probability 0.06769 , total 0.68080
#10 group : 13, 66->71, probability 0.06609 , total 0.74688
#11 group :  0, 1->5, probability 0.06598 , total 0.81286
#12 group :  2, 11->15, probability 0.06519 , total 0.87805
#13 group : 11, 56->60, probability 0.06323 , total 0.94128
#14 group :  9, 46->50, probability 0.05872 , total 1.00000
Column: 3
Ball groups in descending order: [ 6 11  7  9  8  4  3 12  2 13  1  0  5 10]
#1 group :  6, 31-35, probability 0.08429 , total 0.08429
#2 group : 11, 56->60, probability 0.08134 , total 0.16563
#3 group :  7, 36->40, probability 0.08049 , total 0.24612
#4 group :  9, 46->50, probability 0.07541 , total 0.32153
#5 group :  8, 41->45, probability 0.07406 , total 0.39560
#6 group :  4, 21-25, probability 0.07109 , total 0.46669
#7 group :  3, 16->20, probability 0.07053 , total 0.53721
#8 group : 12, 61->65, probability 0.06895 , total 0.60616
#9 group :  2, 11->15, probability 0.06839 , total 0.67456
#10 group : 13, 66->71, probability 0.06761 , total 0.74216
#11 group :  1, 6->10, probability 0.06617 , total 0.80834
#12 group :  0, 1->5, probability 0.06605 , total 0.87439
#13 group :  5, 26->30, probability 0.06487 , total 0.93926
#14 group : 10, 51->55, probability 0.06074 , total 1.00000
Column: 4
Ball groups in descending order: [12 13 11  7  8  6  9 10  2  1  4  0  3  5]
#1 group : 12, 61->65, probability 0.09245 , total 0.09245
#2 group : 13, 66->71, probability 0.08075 , total 0.17320
#3 group : 11, 56->60, probability 0.07912 , total 0.25233
#4 group :  7, 36->40, probability 0.07345 , total 0.32578
#5 group :  8, 41->45, probability 0.07162 , total 0.39739
#6 group :  6, 31-35, probability 0.07133 , total 0.46873
#7 group :  9, 46->50, probability 0.06917 , total 0.53789
#8 group : 10, 51->55, probability 0.06752 , total 0.60541
#9 group :  2, 11->15, probability 0.06624 , total 0.67165
#10 group :  1, 6->10, probability 0.06622 , total 0.73787
#11 group :  4, 21-25, probability 0.06621 , total 0.80408
#12 group :  0, 1->5, probability 0.06616 , total 0.87024
#13 group :  3, 16->20, probability 0.06594 , total 0.93617
#14 group :  5, 26->30, probability 0.06383 , total 1.00000
Writing probs_pb.py
---
Column 1
---
Device: cuda
creating optimizer with lr = 0.1
Using column 1
Our Game is pb
Reloading pre-trained model models/third-col1-70pb.model
Reloaded epoch = 400
Restored last learning_rate = 0.1
model to eval mode
Running in test mode
Reading sums_pb.pkl
Using datafile data/pb.csv
Cnt: 1510
New Epochs: 501
old_epochs = 400, epochs = 501
Imported probs_mm
Balls in descending order: [ 2  1  3  5  4  8  6  7 11 10  9 14 12 16 19 13 18 23 15 17 22 24 20 21
 30 27 26 29 35 55 28 68 25 36 63 33 37 34 54 38 44 53 66 51 61 41 56 67
 50 40 39 45 70 32 52 69 60 62  0 47 43 59 48 58 57 49 64 31 46 42 65]
#1 pick :  2, probability 0.07050 , total 0.07050, tray = 0.11052591, tp = 0.1732375854490617
#2 pick :  1, probability 0.06908 , total 0.13958, tray = 0.11052591, tp = 0.17196964922126814
#3 pick :  3, probability 0.06694 , total 0.20652, tray = 0.11052591, tp = 0.17006291372484683
#4 pick :  5, probability 0.05857 , total 0.26509, tray = 0.11052591, tp = 0.1626204469636736
#5 pick :  4, probability 0.05141 , total 0.31650, tray = 0.11052591, tp = 0.1562532699934591
#6 pick :  8, probability 0.04635 , total 0.36284, tray = 0.08828481, tp = 0.13053841280039127
#7 pick :  6, probability 0.04439 , total 0.40724, tray = 0.08828481, tp = 0.12876026976914048
#8 pick :  7, probability 0.04120 , total 0.44843, tray = 0.08828481, tp = 0.12584565268193973
#9 pick : 11, probability 0.03993 , total 0.48836, tray = 0.08083186, tp = 0.11753308386557036
#10 pick : 10, probability 0.03820 , total 0.52656, tray = 0.08828481, tp = 0.12311442441534269
Updating sums_pb.pkl
---
Column 2
---
Device: cuda
creating optimizer with lr = 0.1
Using column 2
Our Game is pb
Reloading pre-trained model models/third-col2-70pb.model
Reloaded epoch = 400
Restored last learning_rate = 0.1
model to eval mode
Running in test mode
Reading sums_pb.pkl
Using datafile data/pb.csv
Cnt: 1510
New Epochs: 501
old_epochs = 400, epochs = 501
Imported probs_mm
Balls in descending order: [12 28 15 20 21 17 10 23 16 19 18 14 13 24 22 25  8 26  6 32  7 30 11 33
  9 36 29 27 39 37  4 31 41 40 35 43 38 46 45 49  3  2  5 52 60 54 34 59
 47 66 63 62 57 42 44 70 48 61 51 68  0 50 53 69 55  1 67 64 58 65 56]
#1 pick : 12, probability 0.03580 , total 0.03580, tray = 0.07779596, tp = 0.1108114750311987
#2 pick : 28, probability 0.03560 , total 0.07140, tray = 0.068033285, tp = 0.10121460096905699
#3 pick : 15, probability 0.03182 , total 0.10322, tray = 0.07779596, tp = 0.10713611503295392
#4 pick : 20, probability 0.03055 , total 0.13377, tray = 0.075736426, tp = 0.10397513769394308
#5 pick : 21, probability 0.03023 , total 0.16400, tray = 0.072754204, tp = 0.10078253235653262
#6 pick : 17, probability 0.02987 , total 0.19387, tray = 0.075736426, tp = 0.10334608277389978
#7 pick : 10, probability 0.02931 , total 0.22318, tray = 0.08692893, tp = 0.11368746910089647
#8 pick : 23, probability 0.02786 , total 0.25104, tray = 0.072754204, tp = 0.09858995651288208
#9 pick : 16, probability 0.02782 , total 0.27886, tray = 0.075736426, tp = 0.10144498702836237
#10 pick : 19, probability 0.02711 , total 0.30596, tray = 0.075736426, tp = 0.10079101403086123
Updating sums_pb.pkl
---
Column 3
---
Device: cuda
creating optimizer with lr = 0.1
Using column 3
Our Game is pb
Reloading pre-trained model models/third-col3-70pb.model
Reloaded epoch = 400
Restored last learning_rate = 0.1
model to eval mode
Running in test mode
Reading sums_pb.pkl
Using datafile data/pb.csv
Cnt: 1510
New Epochs: 501
old_epochs = 400, epochs = 501
Imported probs_mm
Balls in descending order: [39 34 36 33 37 31 32 41 35 26 40 21 45 24 27 44 25 22 47 29 28 23 42 30
 17 18 20 48 38 43 11 19 50 49 16 53 51 13 46 59 14 57 55 15 12 54 56 61
 69  7  2  6 64  0  8  9 10  5  1 62 63 58  3 60 65 66 70 52  4 67 68]
#1 pick : 39, probability 0.03170 , total 0.03170, tray = 0.06851324, tp = 0.09803823351449312
#2 pick : 34, probability 0.03051 , total 0.06221, tray = 0.070666954, tp = 0.09902072429862822
#3 pick : 36, probability 0.02948 , total 0.09169, tray = 0.06851324, tp = 0.09597478746425644
#4 pick : 33, probability 0.02812 , total 0.11981, tray = 0.070666954, tp = 0.0967996329971643
#5 pick : 37, probability 0.02806 , total 0.14787, tray = 0.06851324, tp = 0.09465481187714025
#6 pick : 31, probability 0.02769 , total 0.17557, tray = 0.070666954, tp = 0.09640306896147433
#7 pick : 32, probability 0.02671 , total 0.20227, tray = 0.070666954, tp = 0.09548855327457248
#8 pick : 41, probability 0.02667 , total 0.22894, tray = 0.06768621, tp = 0.09255108264505654
#9 pick : 35, probability 0.02645 , total 0.25539, tray = 0.070666954, tp = 0.09524800067024282
#10 pick : 26, probability 0.02542 , total 0.28081, tray = 0.07127327, tp = 0.09487803404188702
Updating sums_pb.pkl
---
Column 4
---
Device: cuda
creating optimizer with lr = 0.1
Using column 4
Our Game is pb
Reloading pre-trained model models/third-col4-70pb.model
Reloaded epoch = 400
Restored last learning_rate = 0.1
model to eval mode
Running in test mode
Reading sums_pb.pkl
Using datafile data/pb.csv
Cnt: 1510
New Epochs: 501
old_epochs = 400, epochs = 501
Imported probs_mm
Balls in descending order: [45 46 53 52 55 44 48 39 42 38 36 51 50 41 47 54 49 56 40 59 61 57 43 32
 58 60 27 37 63 62 34 35 30 64 33 29 31 28 23 66 21 16 65 20 26 22 19 17
  7 68 24 14 12  0 25 13 15  5 67 18  8  4 70  1  3  2 10  6 11  9 69]
#1 pick : 45, probability 0.03441 , total 0.03441, tray = 0.06839134, tp = 0.10044473850753233
#2 pick : 46, probability 0.03371 , total 0.06811, tray = 0.06760745, tp = 0.09903561639702897
#3 pick : 53, probability 0.03195 , total 0.10007, tray = 0.06617335, tp = 0.09601152636656221
#4 pick : 52, probability 0.03006 , total 0.13013, tray = 0.06617335, tp = 0.0942449555360565
#5 pick : 55, probability 0.03001 , total 0.16014, tray = 0.06617335, tp = 0.09419641792285043
#6 pick : 44, probability 0.02796 , total 0.18809, tray = 0.06839134, tp = 0.09443715434481989
#7 pick : 48, probability 0.02723 , total 0.21533, tray = 0.06760745, tp = 0.09299802061515944
#8 pick : 39, probability 0.02649 , total 0.24182, tray = 0.0689496, tp = 0.09361600483382791
#9 pick : 42, probability 0.02562 , total 0.26744, tray = 0.06839134, tp = 0.09226227773765448
#10 pick : 38, probability 0.02445 , total 0.29189, tray = 0.0689496, tp = 0.09171273863127828
Updating sums_pb.pkl
---
Column 5
---
Device: cuda
creating optimizer with lr = 0.1
Using column 5
Our Game is pb
Reloading pre-trained model models/third-col5-70pb.model
Reloaded epoch = 400
Restored last learning_rate = 0.1
model to eval mode
Running in test mode
Reading sums_pb.pkl
Using datafile data/pb.csv
Cnt: 1510
New Epochs: 501
old_epochs = 400, epochs = 501
Imported probs_mm
Balls in descending order: [69 59 58 68 56 67 57 54 64 55 62 66 63 53 61 65 52 51 50 49 47 60 48 45
 44 43 46 41 42 39 40 33 32 20 27 36 30 37 35 26 29 24 31 19 38  0 17 21
 11  5  2 22 34 25 10 12  3  4 13  6 15 28  8  1  9 18 23 16 70 14  7]
#1 pick : 69, probability 0.05155 , total 0.05155, tray = 0.0638253, tp = 0.1120832617337484
#2 pick : 59, probability 0.05143 , total 0.10298, tray = 0.066157356, tp = 0.11418620687037945
#3 pick : 58, probability 0.04863 , total 0.15160, tray = 0.066157356, tp = 0.1115658996883885
#4 pick : 68, probability 0.04036 , total 0.19196, tray = 0.0638253, tp = 0.10160926553969905
#5 pick : 56, probability 0.03978 , total 0.23174, tray = 0.066157356, tp = 0.10330248041846313
#6 pick : 67, probability 0.03885 , total 0.27060, tray = 0.0638253, tp = 0.10019984608558491
#7 pick : 57, probability 0.03723 , total 0.30783, tray = 0.066157356, tp = 0.10092700320318412
#8 pick : 54, probability 0.03614 , total 0.34397, tray = 0.066208534, tp = 0.09995659113454113
#9 pick : 64, probability 0.03086 , total 0.37483, tray = 0.06593843, tp = 0.09476480298724736
#10 pick : 55, probability 0.02963 , total 0.40446, tray = 0.066208534, tp = 0.09387831248518445
Updating sums_pb.pkl
---
PowerBall
---
Device: cuda
creating optimizer with lr = 0.001
Our Game is pb
Running in test mode
Reloading pre-trained model
Reloaded epoch = 400
Restored last learning_rate = 1e-05
Using datafile data/pb.csv
Number of elements in Y: 1480
New Epochs: 501
test_mode = True, old_epochs = 400, epochs = 501
Balls in descending probability: [24  4 14  2 23 19  6  5 18  3 17 22 16 15 29 11 26  1  9  7 20  8 25 12
 34 31 33 35 37 10 36 39  0 32 28 21 27 13 38 30]
#1 pick : 24, probability 0.04296 , total 0.04296
#2 pick :  4, probability 0.04108 , total 0.08404
#3 pick : 14, probability 0.03478 , total 0.11882
#4 pick :  2, probability 0.03398 , total 0.15280
#5 pick : 23, probability 0.03325 , total 0.18605
#6 pick : 19, probability 0.03210 , total 0.21815
#7 pick :  6, probability 0.03206 , total 0.25021
#8 pick :  5, probability 0.02955 , total 0.27976
#9 pick : 18, probability 0.02926 , total 0.30901
#10 pick :  3, probability 0.02871 , total 0.33773
